<?xml version="1.0" encoding="UTF-8"?>
<!-- Generated by org.testng.reporters.JUnitReportReporter -->
<testsuite hostname="LAPTOP-KD2D5JN7" failures="0" tests="6" name="TestRunner.TestRunner" time="45.773" errors="0" timestamp="2024-01-29T17:24:05 IST" skipped="0">
  <testcase classname="TestRunner.TestRunner" name="runScenario" time="9.280"/>
  <testcase classname="TestRunner.TestRunner" name="runScenario" time="6.406"/>
  <testcase classname="TestRunner.TestRunner" name="runScenario" time="10.406"/>
  <testcase classname="TestRunner.TestRunner" name="runScenario" time="6.287"/>
  <testcase classname="TestRunner.TestRunner" name="runScenario" time="7.199"/>
  <testcase classname="TestRunner.TestRunner" name="runScenario" time="6.195"/>
</testsuite> <!-- TestRunner.TestRunner -->
